app/build/outputs/mapping/release/seeds.txt
com.nirbhor.app.data.NirbhorDatabase
com.nirbhor.app.notifications.AlarmReceiver
com.nirbhor.app.notifications.BootReceiver
com.nirbhor.app.data.NirbhorDatabase_Impl
com.nirbhor.app.notifications.AlarmActivity
com.nirbhor.app.MainActivity
com.nirbhor.app.NirbhorApp
com.nirbhor.app.domain.TimeBlock: com.nirbhor.app.domain.TimeBlock[] values()
com.nirbhor.app.notifications.BootReceiver: BootReceiver()
com.nirbhor.app.ui.marks.MarkShape: com.nirbhor.app.ui.marks.MarkShape[] values()
com.nirbhor.app.domain.Frequency: com.nirbhor.app.domain.Frequency[] values()
com.nirbhor.app.MainActivity: MainActivity()
com.nirbhor.app.notifications.AlarmActivity: AlarmActivity()
com.nirbhor.app.NirbhorApp: NirbhorApp()
com.nirbhor.app.domain.DoseStatus: com.nirbhor.app.domain.DoseStatus[] values()
com.nirbhor.app.domain.LocalePref: com.nirbhor.app.domain.LocalePref valueOf(java.lang.String)
com.nirbhor.app.domain.DigestFrequency: com.nirbhor.app.domain.DigestFrequency[] values()
com.nirbhor.app.ui.marks.MarkShape: com.nirbhor.app.ui.marks.MarkShape valueOf(java.lang.String)
com.nirbhor.app.domain.TimeBlock: com.nirbhor.app.domain.TimeBlock valueOf(java.lang.String)
com.nirbhor.app.domain.LocalePref: com.nirbhor.app.domain.LocalePref[] values()
com.nirbhor.app.ui.screens.BlockState: com.nirbhor.app.ui.screens.BlockState[] values()
com.nirbhor.app.domain.TimeFormat: com.nirbhor.app.domain.TimeFormat[] values()
com.nirbhor.app.domain.DoseSource: com.nirbhor.app.domain.DoseSource valueOf(java.lang.String)
com.nirbhor.app.domain.CaregiverChannel: com.nirbhor.app.domain.CaregiverChannel valueOf(java.lang.String)
com.nirbhor.app.domain.Frequency: com.nirbhor.app.domain.Frequency valueOf(java.lang.String)
com.nirbhor.app.domain.DoseSource: com.nirbhor.app.domain.DoseSource[] values()
com.nirbhor.app.ui.screens.BlockState: com.nirbhor.app.ui.screens.BlockState valueOf(java.lang.String)
com.nirbhor.app.domain.TimeFormat: com.nirbhor.app.domain.TimeFormat valueOf(java.lang.String)
com.nirbhor.app.domain.FoodRelation: com.nirbhor.app.domain.FoodRelation[] values()
com.nirbhor.app.data.NirbhorDatabase_Impl: NirbhorDatabase_Impl()
com.nirbhor.app.domain.CaregiverChannel: com.nirbhor.app.domain.CaregiverChannel[] values()
com.nirbhor.app.domain.DoseStatus: com.nirbhor.app.domain.DoseStatus valueOf(java.lang.String)
com.nirbhor.app.notifications.AlarmReceiver: AlarmReceiver()
com.nirbhor.app.domain.FoodRelation: com.nirbhor.app.domain.FoodRelation valueOf(java.lang.String)
com.nirbhor.app.data.NirbhorRepository$DayState: com.nirbhor.app.data.NirbhorRepository$DayState valueOf(java.lang.String)
com.nirbhor.app.data.NirbhorDatabase: NirbhorDatabase()
com.nirbhor.app.domain.DigestFrequency: com.nirbhor.app.domain.DigestFrequency valueOf(java.lang.String)
com.nirbhor.app.data.NirbhorRepository$DayState: com.nirbhor.app.data.NirbhorRepository$DayState[] values()
...
androidx.compose.ui.text.android.BoringLayoutFactory33: android.text.BoringLayout create(java.lang.CharSequence,android.text.TextPaint,int,android.text.Layout$Alignment,float,float,android.text.BoringLayout$Metrics,boolean,boolean,android.text.TextUtils$TruncateAt,int)
androidx.compose.ui.text.android.CanvasCompatR: boolean quickReject(android.graphics.Canvas,android.graphics.RectF)
androidx.room.Index$Order: androidx.room.Index$Order valueOf(java.lang.String)
androidx.compose.ui.viewinterop.FocusTargetPropertiesElement: FocusTargetPropertiesElement()
androidx.compose.ui.platform.RenderNodeVerificationHelper28: int getAmbientShadowColor(android.view.RenderNode)
androidx.vectordrawable.graphics.drawable.VectorDrawableCompat$VFullPath: void setStrokeWidth(float)
androidx.appcompat.widget.LinearLayoutCompat: void setHorizontalGravity(int)
androidx.compose.ui.autofill.AutofillType: androidx.compose.ui.autofill.AutofillType[] values()
androidx.appcompat.widget.ActionBarOverlayLayout: void setActionBarHideOffset(int)
androidx.appcompat.widget.ActionBarOverlayLayout: void setIcon(int)
androidx.core.app.RemoteInput$Api20Impl: void addResultsToIntent(java.lang.Object,android.content.Intent,android.os.Bundle)
androidx.core.view.accessibility.AccessibilityNodeInfoCompat$Api34Impl: void setMinDurationBetweenContentChangeMillis(android.view.accessibility.AccessibilityNodeInfo,long)
androidx.compose.ui.graphics.layer.ViewLayer: void setCanUseCompositingLayer$ui_graphics_release(boolean)
androidx.compose.ui.viewinterop.AndroidViewHolder: androidx.compose.ui.Modifier getModifier()
androidx.camera.camera2.internal.compat.ApiCompat$Api24Impl: void onCaptureBufferLost(android.hardware.camera2.CameraCaptureSession$CaptureCallback,android.hardware.camera2.CameraCaptureSession,android.hardware.camera2.CaptureRequest,android.view.Surface,long)
androidx.lifecycle.ReportFragment$LifecycleCallbacks: void onActivityResumed(android.app.Activity)
androidx.compose.ui.viewinterop.AndroidViewHolder: kotlin.jvm.functions.Function1 getOnModifierChanged$ui_release()
androidx.core.widget.NestedScrollView: float getVerticalScrollFactorCompat()
androidx.core.os.BundleApi21ImplKt: void putSize(android.os.Bundle,java.lang.String,android.util.Size)
androidx.appcompat.widget.SearchView: void setOnQueryTextListener(androidx.appcompat.widget.SearchView$OnQueryTextListener)
androidx.core.widget.PopupWindowCompat$Api23Impl: int getWindowLayoutType(android.widget.PopupWindow)
androidx.camera.view.PreviewView: androidx.camera.core.MeteringPointFactory getMeteringPointFactory()
androidx.work.impl.diagnostics.DiagnosticsReceiver: DiagnosticsReceiver()
androidx.core.view.WindowInsetsCompat$Impl20: void setRootWindowInsets(androidx.core.view.WindowInsetsCompat)
androidx.appcompat.widget.LinearLayoutCompat: void setBaselineAligned(boolean)
androidx.activity.Api34Impl: android.window.BackEvent createOnBackEvent(float,float,float,int)
androidx.core.view.ViewCompat$Api21Impl: boolean dispatchNestedPreScroll(android.view.View,int,int,int[],int[])
androidx.compose.ui.platform.AbstractComposeView: void setShowLayoutBounds(boolean)
androidx.compose.ui.text.android.CanvasCompatO: boolean clipOutPath(android.graphics.Canvas,android.graphics.Path)
androidx.camera.core.impl.CameraCaptureMetaData$AwbState: androidx.camera.core.impl.CameraCaptureMetaData$AwbState valueOf(java.lang.String)
androidx.core.view.ViewCompat$Api21Impl: void setTransitionName(android.view.View,java.lang.String)
androidx.datastore.preferences.PreferencesProto$Value$ValueCase: androidx.datastore.preferences.PreferencesProto$Value$ValueCase[] values()
kotlinx.coroutines.selects.TrySelectDetailedResult: kotlinx.coroutines.selects.TrySelectDetailedResult[] values()
androidx.lifecycle.EmptyActivityLifecycleCallbacks: void onActivityResumed(android.app.Activity)
androidx.core.view.ViewCompat$Api21Impl: void setZ(android.view.View,float)